# JRE version: OpenJDK Runtime Environment Temurin-17.0.3+7 (17.0.3+7) (build 17.0.3+7)
# Java VM: OpenJDK 64-Bit Server VM Temurin-17.0.3+7 (17.0.3+7, mixed mode, tiered, compressed oops, compressed class ptrs, g1 gc, windows-amd64)
GC Precious Log:
 CPUs: 8 total, 8 available
 Memory: 32524M
 Large Page Support: Disabled
 NUMA Support: Disabled
 Compressed Oops: Enabled (Zero based)
 Heap Region Size: 4M
 Heap Min Capacity: 8M
 Heap Initial Capacity: 512M
 Heap Max Capacity: 8132M
 Pre-touch: Disabled
 Parallel Workers: 8
 Concurrent Workers: 2
 Concurrent Refinement Workers: 8
 Periodic GC: Disabled
Heap:
 garbage-first heap   total 110592K, used 42044K [0x0000000603c00000, 0x0000000800000000)
  region size 4096K, 5 young (20480K), 1 survivors (4096K)
 Metaspace       used 74149K, committed 74496K, reserved 1122304K
  class space    used 8969K, committed 9152K, reserved 1048576K
GC Heap History (20 events):
Event: 3.607 GC heap before
{Heap before GC invocations=8 (full 0):
 garbage-first heap   total 57344K, used 26088K [0x0000000603c00000, 0x0000000800000000)
  region size 4096K, 5 young (20480K), 1 survivors (4096K)
 Metaspace       used 35897K, committed 36096K, reserved 1081344K
  class space    used 4157K, committed 4224K, reserved 1048576K
}
Event: 3.615 GC heap after
{Heap after GC invocations=9 (full 0):
 garbage-first heap   total 57344K, used 15028K [0x0000000603c00000, 0x0000000800000000)
  region size 4096K, 1 young (4096K), 1 survivors (4096K)
 Metaspace       used 35897K, committed 36096K, reserved 1081344K
  class space    used 4157K, committed 4224K, reserved 1048576K
}
Event: 4.059 GC heap before
{Heap before GC invocations=10 (full 0):
 garbage-first heap   total 57344K, used 31412K [0x0000000603c00000, 0x0000000800000000)
  region size 4096K, 6 young (24576K), 1 survivors (4096K)
 Metaspace       used 38546K, committed 38848K, reserved 1089536K
  class space    used 4433K, committed 4608K, reserved 1048576K
}
Event: 4.066 GC heap after
{Heap after GC invocations=11 (full 0):
 garbage-first heap   total 57344K, used 16386K [0x0000000603c00000, 0x0000000800000000)
  region size 4096K, 1 young (4096K), 1 survivors (4096K)
 Metaspace       used 38546K, committed 38848K, reserved 1089536K
  class space    used 4433K, committed 4608K, reserved 1048576K
}
Event: 4.327 GC heap before
{Heap before GC invocations=11 (full 0):
 garbage-first heap   total 57344K, used 36866K [0x0000000603c00000, 0x0000000800000000)
  region size 4096K, 6 young (24576K), 1 survivors (4096K)
 Metaspace       used 38649K, committed 38976K, reserved 1089536K
  class space    used 4436K, committed 4608K, reserved 1048576K
}
Event: 4.333 GC heap after
{Heap after GC invocations=12 (full 0):
 garbage-first heap   total 290816K, used 16530K [0x0000000603c00000, 0x0000000800000000)
  region size 4096K, 1 young (4096K), 1 survivors (4096K)
 Metaspace       used 38649K, committed 38976K, reserved 1089536K
  class space    used 4436K, committed 4608K, reserved 1048576K
}
Event: 6.075 GC heap before
{Heap before GC invocations=12 (full 0):
 garbage-first heap   total 290816K, used 184466K [0x0000000603c00000, 0x0000000800000000)
  region size 4096K, 42 young (172032K), 1 survivors (4096K)
 Metaspace       used 38793K, committed 39104K, reserved 1089536K
  class space    used 4441K, committed 4608K, reserved 1048576K
}
Event: 6.076 GC heap after
{Heap after GC invocations=13 (full 0):
 garbage-first heap   total 290816K, used 16531K [0x0000000603c00000, 0x0000000800000000)
  region size 4096K, 1 young (4096K), 1 survivors (4096K)
 Metaspace       used 38793K, committed 39104K, reserved 1089536K
  class space    used 4441K, committed 4608K, reserved 1048576K
}
Event: 7.693 GC heap before
{Heap before GC invocations=13 (full 0):
 garbage-first heap   total 290816K, used 184467K [0x0000000603c00000, 0x0000000800000000)
  region size 4096K, 42 young (172032K), 1 survivors (4096K)
 Metaspace       used 38839K, committed 39168K, reserved 1089536K
  class space    used 4444K, committed 4608K, reserved 1048576K
}
Event: 7.694 GC heap after
{Heap after GC invocations=14 (full 0):
 garbage-first heap   total 290816K, used 16598K [0x0000000603c00000, 0x0000000800000000)
  region size 4096K, 1 young (4096K), 1 survivors (4096K)
 Metaspace       used 38839K, committed 39168K, reserved 1089536K
  class space    used 4444K, committed 4608K, reserved 1048576K
}
Event: 9.149 GC heap before
{Heap before GC invocations=14 (full 0):
 garbage-first heap   total 290816K, used 184534K [0x0000000603c00000, 0x0000000800000000)
  region size 4096K, 42 young (172032K), 1 survivors (4096K)
 Metaspace       used 38849K, committed 39168K, reserved 1089536K
  class space    used 4445K, committed 4608K, reserved 1048576K
}
Event: 9.151 GC heap after
{Heap after GC invocations=15 (full 0):
 garbage-first heap   total 290816K, used 16598K [0x0000000603c00000, 0x0000000800000000)
  region size 4096K, 1 young (4096K), 1 survivors (4096K)
 Metaspace       used 38849K, committed 39168K, reserved 1089536K
  class space    used 4445K, committed 4608K, reserved 1048576K
}
Event: 11.893 GC heap before
{Heap before GC invocations=15 (full 0):
 garbage-first heap   total 290816K, used 155862K [0x0000000603c00000, 0x0000000800000000)
  region size 4096K, 36 young (147456K), 1 survivors (4096K)
 Metaspace       used 60344K, committed 60608K, reserved 1105920K
  class space    used 7584K, committed 7744K, reserved 1048576K
}
Event: 11.901 GC heap after
{Heap after GC invocations=16 (full 0):
 garbage-first heap   total 290816K, used 23566K [0x0000000603c00000, 0x0000000800000000)
  region size 4096K, 3 young (12288K), 3 survivors (12288K)
 Metaspace       used 60344K, committed 60608K, reserved 1105920K
  class space    used 7584K, committed 7744K, reserved 1048576K
}
Event: 12.726 GC heap before
{Heap before GC invocations=17 (full 0):
 garbage-first heap   total 110592K, used 76814K [0x0000000603c00000, 0x0000000800000000)
  region size 4096K, 16 young (65536K), 3 survivors (12288K)
 Metaspace       used 63438K, committed 63680K, reserved 1105920K
  class space    used 8009K, committed 8128K, reserved 1048576K
}
Event: 12.735 GC heap after
{Heap after GC invocations=18 (full 0):
 garbage-first heap   total 110592K, used 27077K [0x0000000603c00000, 0x0000000800000000)
  region size 4096K, 1 young (4096K), 1 survivors (4096K)
 Metaspace       used 63438K, committed 63680K, reserved 1105920K
  class space    used 8009K, committed 8128K, reserved 1048576K
}
Event: 12.752 GC heap before
{Heap before GC invocations=18 (full 0):
 garbage-first heap   total 110592K, used 31173K [0x0000000603c00000, 0x0000000800000000)
  region size 4096K, 2 young (8192K), 1 survivors (4096K)
 Metaspace       used 63442K, committed 63744K, reserved 1105920K
  class space    used 8009K, committed 8128K, reserved 1048576K
}
Event: 12.758 GC heap after
{Heap after GC invocations=19 (full 0):
 garbage-first heap   total 110592K, used 26789K [0x0000000603c00000, 0x0000000800000000)
  region size 4096K, 1 young (4096K), 1 survivors (4096K)
 Metaspace       used 63442K, committed 63744K, reserved 1105920K
  class space    used 8009K, committed 8128K, reserved 1048576K
}
Event: 74.679 GC heap before
{Heap before GC invocations=19 (full 0):
 garbage-first heap   total 110592K, used 84133K [0x0000000603c00000, 0x0000000800000000)
  region size 4096K, 15 young (61440K), 1 survivors (4096K)
 Metaspace       used 72782K, committed 73088K, reserved 1114112K
  class space    used 8854K, committed 9024K, reserved 1048576K
}
Event: 74.685 GC heap after
{Heap after GC invocations=20 (full 0):
 garbage-first heap   total 110592K, used 29756K [0x0000000603c00000, 0x0000000800000000)
  region size 4096K, 1 young (4096K), 1 survivors (4096K)
 Metaspace       used 72782K, committed 73088K, reserved 1114112K
  class space    used 8854K, committed 9024K, reserved 1048576K
}

