# JRE version: OpenJDK Runtime Environment Temurin-17.0.3+7 (17.0.3+7) (build 17.0.3+7)
# Java VM: OpenJDK 64-Bit Server VM Temurin-17.0.3+7 (17.0.3+7, mixed mode, tiered, compressed oops, compressed class ptrs, g1 gc, windows-amd64)
GC Precious Log:
 CPUs: 8 total, 8 available
 Memory: 32524M
 Large Page Support: Disabled
 NUMA Support: Disabled
 Compressed Oops: Enabled (Zero based)
 Heap Region Size: 4M
 Heap Min Capacity: 8M
 Heap Initial Capacity: 512M
 Heap Max Capacity: 8132M
 Pre-touch: Disabled
 Parallel Workers: 8
 Concurrent Workers: 2
 Concurrent Refinement Workers: 8
 Periodic GC: Disabled
Heap:
 garbage-first heap   total 110592K, used 38586K [0x0000000603c00000, 0x0000000800000000)
  region size 4096K, 4 young (16384K), 1 survivors (4096K)
 Metaspace       used 74227K, committed 74560K, reserved 1122304K
  class space    used 9026K, committed 9216K, reserved 1048576K
GC Heap History (20 events):
Event: 2.422 GC heap before
{Heap before GC invocations=5 (full 0):
 garbage-first heap   total 57344K, used 15239K [0x0000000603c00000, 0x0000000800000000)
  region size 4096K, 2 young (8192K), 1 survivors (4096K)
 Metaspace       used 25778K, committed 26048K, reserved 1073152K
  class space    used 2894K, committed 3008K, reserved 1048576K
}
Event: 2.431 GC heap after
{Heap after GC invocations=6 (full 0):
 garbage-first heap   total 57344K, used 11012K [0x0000000603c00000, 0x0000000800000000)
  region size 4096K, 1 young (4096K), 1 survivors (4096K)
 Metaspace       used 25778K, committed 26048K, reserved 1073152K
  class space    used 2894K, committed 3008K, reserved 1048576K
}
Event: 3.042 GC heap before
{Heap before GC invocations=6 (full 0):
 garbage-first heap   total 57344K, used 31492K [0x0000000603c00000, 0x0000000800000000)
  region size 4096K, 6 young (24576K), 1 survivors (4096K)
 Metaspace       used 28859K, committed 29184K, reserved 1081344K
  class space    used 3305K, committed 3456K, reserved 1048576K
}
Event: 3.047 GC heap after
{Heap after GC invocations=7 (full 0):
 garbage-first heap   total 57344K, used 12278K [0x0000000603c00000, 0x0000000800000000)
  region size 4096K, 1 young (4096K), 1 survivors (4096K)
 Metaspace       used 28859K, committed 29184K, reserved 1081344K
  class space    used 3305K, committed 3456K, reserved 1048576K
}
Event: 3.626 GC heap before
{Heap before GC invocations=7 (full 0):
 garbage-first heap   total 57344K, used 32758K [0x0000000603c00000, 0x0000000800000000)
  region size 4096K, 6 young (24576K), 1 survivors (4096K)
 Metaspace       used 32974K, committed 33216K, reserved 1081344K
  class space    used 3866K, committed 3968K, reserved 1048576K
}
Event: 3.635 GC heap after
{Heap after GC invocations=8 (full 0):
 garbage-first heap   total 57344K, used 14089K [0x0000000603c00000, 0x0000000800000000)
  region size 4096K, 1 young (4096K), 1 survivors (4096K)
 Metaspace       used 32974K, committed 33216K, reserved 1081344K
  class space    used 3866K, committed 3968K, reserved 1048576K
}
Event: 4.118 GC heap before
{Heap before GC invocations=8 (full 0):
 garbage-first heap   total 57344K, used 22281K [0x0000000603c00000, 0x0000000800000000)
  region size 4096K, 5 young (20480K), 1 survivors (4096K)
 Metaspace       used 35860K, committed 36096K, reserved 1081344K
  class space    used 4164K, committed 4288K, reserved 1048576K
}
Event: 4.127 GC heap after
{Heap after GC invocations=9 (full 0):
 garbage-first heap   total 57344K, used 15289K [0x0000000603c00000, 0x0000000800000000)
  region size 4096K, 1 young (4096K), 1 survivors (4096K)
 Metaspace       used 35860K, committed 36096K, reserved 1081344K
  class space    used 4164K, committed 4288K, reserved 1048576K
}
Event: 4.657 GC heap before
{Heap before GC invocations=10 (full 0):
 garbage-first heap   total 57344K, used 35769K [0x0000000603c00000, 0x0000000800000000)
  region size 4096K, 6 young (24576K), 1 survivors (4096K)
 Metaspace       used 38527K, committed 38848K, reserved 1089536K
  class space    used 4450K, committed 4608K, reserved 1048576K
}
Event: 4.666 GC heap after
{Heap after GC invocations=11 (full 0):
 garbage-first heap   total 57344K, used 17080K [0x0000000603c00000, 0x0000000800000000)
  region size 4096K, 1 young (4096K), 1 survivors (4096K)
 Metaspace       used 38527K, committed 38848K, reserved 1089536K
  class space    used 4450K, committed 4608K, reserved 1048576K
}
Event: 5.156 GC heap before
{Heap before GC invocations=11 (full 0):
 garbage-first heap   total 57344K, used 37560K [0x0000000603c00000, 0x0000000800000000)
  region size 4096K, 6 young (24576K), 1 survivors (4096K)
 Metaspace       used 41583K, committed 41920K, reserved 1089536K
  class space    used 4817K, committed 4992K, reserved 1048576K
}
Event: 5.163 GC heap after
{Heap after GC invocations=12 (full 0):
 garbage-first heap   total 290816K, used 18311K [0x0000000603c00000, 0x0000000800000000)
  region size 4096K, 1 young (4096K), 1 survivors (4096K)
 Metaspace       used 41583K, committed 41920K, reserved 1089536K
  class space    used 4817K, committed 4992K, reserved 1048576K
}
Event: 8.219 GC heap before
{Heap before GC invocations=12 (full 0):
 garbage-first heap   total 290816K, used 132999K [0x0000000603c00000, 0x0000000800000000)
  region size 4096K, 30 young (122880K), 1 survivors (4096K)
 Metaspace       used 60176K, committed 60480K, reserved 1105920K
  class space    used 7594K, committed 7744K, reserved 1048576K
}
Event: 8.230 GC heap after
{Heap after GC invocations=13 (full 0):
 garbage-first heap   total 290816K, used 24058K [0x0000000603c00000, 0x0000000800000000)
  region size 4096K, 3 young (12288K), 3 survivors (12288K)
 Metaspace       used 60176K, committed 60480K, reserved 1105920K
  class space    used 7594K, committed 7744K, reserved 1048576K
}
Event: 9.060 GC heap before
{Heap before GC invocations=14 (full 0):
 garbage-first heap   total 110592K, used 77306K [0x0000000603c00000, 0x0000000800000000)
  region size 4096K, 16 young (65536K), 3 survivors (12288K)
 Metaspace       used 62803K, committed 63168K, reserved 1105920K
  class space    used 7978K, committed 8192K, reserved 1048576K
}
Event: 9.070 GC heap after
{Heap after GC invocations=15 (full 0):
 garbage-first heap   total 110592K, used 27346K [0x0000000603c00000, 0x0000000800000000)
  region size 4096K, 1 young (4096K), 1 survivors (4096K)
 Metaspace       used 62803K, committed 63168K, reserved 1105920K
  class space    used 7978K, committed 8192K, reserved 1048576K
}
Event: 9.086 GC heap before
{Heap before GC invocations=15 (full 0):
 garbage-first heap   total 110592K, used 31442K [0x0000000603c00000, 0x0000000800000000)
  region size 4096K, 2 young (8192K), 1 survivors (4096K)
 Metaspace       used 62805K, committed 63168K, reserved 1105920K
  class space    used 7978K, committed 8192K, reserved 1048576K
}
Event: 9.094 GC heap after
{Heap after GC invocations=16 (full 0):
 garbage-first heap   total 110592K, used 27143K [0x0000000603c00000, 0x0000000800000000)
  region size 4096K, 1 young (4096K), 1 survivors (4096K)
 Metaspace       used 62805K, committed 63168K, reserved 1105920K
  class space    used 7978K, committed 8192K, reserved 1048576K
}
Event: 70.130 GC heap before
{Heap before GC invocations=16 (full 0):
 garbage-first heap   total 110592K, used 80391K [0x0000000603c00000, 0x0000000800000000)
  region size 4096K, 14 young (57344K), 1 survivors (4096K)
 Metaspace       used 72602K, committed 72960K, reserved 1114112K
  class space    used 8880K, committed 9088K, reserved 1048576K
}
Event: 70.136 GC heap after
{Heap after GC invocations=17 (full 0):
 garbage-first heap   total 110592K, used 30394K [0x0000000603c00000, 0x0000000800000000)
  region size 4096K, 1 young (4096K), 1 survivors (4096K)
 Metaspace       used 72602K, committed 72960K, reserved 1114112K
  class space    used 8880K, committed 9088K, reserved 1048576K
}

