# JRE version: OpenJDK Runtime Environment Temurin-17.0.3+7 (17.0.3+7) (build 17.0.3+7)
# Java VM: OpenJDK 64-Bit Server VM Temurin-17.0.3+7 (17.0.3+7, mixed mode, tiered, compressed oops, compressed class ptrs, g1 gc, windows-amd64)
GC Precious Log:
 CPUs: 8 total, 8 available
 Memory: 32524M
 Large Page Support: Disabled
 NUMA Support: Disabled
 Compressed Oops: Enabled (Zero based)
 Heap Region Size: 4M
 Heap Min Capacity: 8M
 Heap Initial Capacity: 512M
 Heap Max Capacity: 8132M
 Pre-touch: Disabled
 Parallel Workers: 8
 Concurrent Workers: 2
 Concurrent Refinement Workers: 8
 Periodic GC: Disabled
Heap:
 garbage-first heap   total 110592K, used 75092K [0x0000000603c00000, 0x0000000800000000)
  region size 4096K, 13 young (53248K), 1 survivors (4096K)
 Metaspace       used 75522K, committed 75840K, reserved 1122304K
  class space    used 9106K, committed 9280K, reserved 1048576K
GC Heap History (20 events):
Event: 3.512 GC heap before
{Heap before GC invocations=8 (full 0):
 garbage-first heap   total 57344K, used 26134K [0x0000000603c00000, 0x0000000800000000)
  region size 4096K, 5 young (20480K), 1 survivors (4096K)
 Metaspace       used 35879K, committed 36160K, reserved 1081344K
  class space    used 4167K, committed 4352K, reserved 1048576K
}
Event: 3.519 GC heap after
{Heap after GC invocations=9 (full 0):
 garbage-first heap   total 57344K, used 15175K [0x0000000603c00000, 0x0000000800000000)
  region size 4096K, 1 young (4096K), 1 survivors (4096K)
 Metaspace       used 35879K, committed 36160K, reserved 1081344K
  class space    used 4167K, committed 4352K, reserved 1048576K
}
Event: 4.084 GC heap before
{Heap before GC invocations=10 (full 0):
 garbage-first heap   total 57344K, used 35655K [0x0000000603c00000, 0x0000000800000000)
  region size 4096K, 6 young (24576K), 1 survivors (4096K)
 Metaspace       used 38512K, committed 38848K, reserved 1089536K
  class space    used 4439K, committed 4608K, reserved 1048576K
}
Event: 4.092 GC heap after
{Heap after GC invocations=11 (full 0):
 garbage-first heap   total 57344K, used 16402K [0x0000000603c00000, 0x0000000800000000)
  region size 4096K, 1 young (4096K), 1 survivors (4096K)
 Metaspace       used 38512K, committed 38848K, reserved 1089536K
  class space    used 4439K, committed 4608K, reserved 1048576K
}
Event: 4.374 GC heap before
{Heap before GC invocations=11 (full 0):
 garbage-first heap   total 57344K, used 36882K [0x0000000603c00000, 0x0000000800000000)
  region size 4096K, 6 young (24576K), 1 survivors (4096K)
 Metaspace       used 38617K, committed 38912K, reserved 1089536K
  class space    used 4442K, committed 4608K, reserved 1048576K
}
Event: 4.380 GC heap after
{Heap after GC invocations=12 (full 0):
 garbage-first heap   total 290816K, used 16615K [0x0000000603c00000, 0x0000000800000000)
  region size 4096K, 1 young (4096K), 1 survivors (4096K)
 Metaspace       used 38617K, committed 38912K, reserved 1089536K
  class space    used 4442K, committed 4608K, reserved 1048576K
}
Event: 6.078 GC heap before
{Heap before GC invocations=12 (full 0):
 garbage-first heap   total 290816K, used 184551K [0x0000000603c00000, 0x0000000800000000)
  region size 4096K, 42 young (172032K), 1 survivors (4096K)
 Metaspace       used 38765K, committed 39104K, reserved 1089536K
  class space    used 4448K, committed 4608K, reserved 1048576K
}
Event: 6.080 GC heap after
{Heap after GC invocations=13 (full 0):
 garbage-first heap   total 290816K, used 16597K [0x0000000603c00000, 0x0000000800000000)
  region size 4096K, 1 young (4096K), 1 survivors (4096K)
 Metaspace       used 38765K, committed 39104K, reserved 1089536K
  class space    used 4448K, committed 4608K, reserved 1048576K
}
Event: 7.539 GC heap before
{Heap before GC invocations=13 (full 0):
 garbage-first heap   total 290816K, used 184533K [0x0000000603c00000, 0x0000000800000000)
  region size 4096K, 42 young (172032K), 1 survivors (4096K)
 Metaspace       used 38806K, committed 39104K, reserved 1089536K
  class space    used 4450K, committed 4608K, reserved 1048576K
}
Event: 7.541 GC heap after
{Heap after GC invocations=14 (full 0):
 garbage-first heap   total 290816K, used 16599K [0x0000000603c00000, 0x0000000800000000)
  region size 4096K, 1 young (4096K), 1 survivors (4096K)
 Metaspace       used 38806K, committed 39104K, reserved 1089536K
  class space    used 4450K, committed 4608K, reserved 1048576K
}
Event: 8.915 GC heap before
{Heap before GC invocations=14 (full 0):
 garbage-first heap   total 290816K, used 184535K [0x0000000603c00000, 0x0000000800000000)
  region size 4096K, 42 young (172032K), 1 survivors (4096K)
 Metaspace       used 38806K, committed 39104K, reserved 1089536K
  class space    used 4450K, committed 4608K, reserved 1048576K
}
Event: 8.917 GC heap after
{Heap after GC invocations=15 (full 0):
 garbage-first heap   total 290816K, used 16958K [0x0000000603c00000, 0x0000000800000000)
  region size 4096K, 1 young (4096K), 1 survivors (4096K)
 Metaspace       used 38806K, committed 39104K, reserved 1089536K
  class space    used 4450K, committed 4608K, reserved 1048576K
}
Event: 11.718 GC heap before
{Heap before GC invocations=15 (full 0):
 garbage-first heap   total 290816K, used 160318K [0x0000000603c00000, 0x0000000800000000)
  region size 4096K, 37 young (151552K), 1 survivors (4096K)
 Metaspace       used 60189K, committed 60480K, reserved 1105920K
  class space    used 7582K, committed 7744K, reserved 1048576K
}
Event: 11.725 GC heap after
{Heap after GC invocations=16 (full 0):
 garbage-first heap   total 290816K, used 23548K [0x0000000603c00000, 0x0000000800000000)
  region size 4096K, 3 young (12288K), 3 survivors (12288K)
 Metaspace       used 60189K, committed 60480K, reserved 1105920K
  class space    used 7582K, committed 7744K, reserved 1048576K
}
Event: 12.507 GC heap before
{Heap before GC invocations=17 (full 0):
 garbage-first heap   total 110592K, used 76796K [0x0000000603c00000, 0x0000000800000000)
  region size 4096K, 16 young (65536K), 3 survivors (12288K)
 Metaspace       used 63406K, committed 63680K, reserved 1105920K
  class space    used 8010K, committed 8128K, reserved 1048576K
}
Event: 12.515 GC heap after
{Heap after GC invocations=18 (full 0):
 garbage-first heap   total 110592K, used 27188K [0x0000000603c00000, 0x0000000800000000)
  region size 4096K, 1 young (4096K), 1 survivors (4096K)
 Metaspace       used 63406K, committed 63680K, reserved 1105920K
  class space    used 8010K, committed 8128K, reserved 1048576K
}
Event: 12.528 GC heap before
{Heap before GC invocations=18 (full 0):
 garbage-first heap   total 110592K, used 31284K [0x0000000603c00000, 0x0000000800000000)
  region size 4096K, 2 young (8192K), 1 survivors (4096K)
 Metaspace       used 63412K, committed 63680K, reserved 1105920K
  class space    used 8010K, committed 8128K, reserved 1048576K
}
Event: 12.533 GC heap after
{Heap after GC invocations=19 (full 0):
 garbage-first heap   total 110592K, used 26988K [0x0000000603c00000, 0x0000000800000000)
  region size 4096K, 1 young (4096K), 1 survivors (4096K)
 Metaspace       used 63412K, committed 63680K, reserved 1105920K
  class space    used 8010K, committed 8128K, reserved 1048576K
}
Event: 18.858 GC heap before
{Heap before GC invocations=19 (full 0):
 garbage-first heap   total 110592K, used 84332K [0x0000000603c00000, 0x0000000800000000)
  region size 4096K, 15 young (61440K), 1 survivors (4096K)
 Metaspace       used 72634K, committed 72960K, reserved 1114112K
  class space    used 8866K, committed 9024K, reserved 1048576K
}
Event: 18.862 GC heap after
{Heap after GC invocations=20 (full 0):
 garbage-first heap   total 110592K, used 30036K [0x0000000603c00000, 0x0000000800000000)
  region size 4096K, 1 young (4096K), 1 survivors (4096K)
 Metaspace       used 72634K, committed 72960K, reserved 1114112K
  class space    used 8866K, committed 9024K, reserved 1048576K
}

