# JRE version: OpenJDK Runtime Environment Temurin-17.0.3+7 (17.0.3+7) (build 17.0.3+7)
# Java VM: OpenJDK 64-Bit Server VM Temurin-17.0.3+7 (17.0.3+7, mixed mode, tiered, compressed oops, compressed class ptrs, g1 gc, windows-amd64)
GC Precious Log:
 CPUs: 8 total, 8 available
 Memory: 32524M
 Large Page Support: Disabled
 NUMA Support: Disabled
 Compressed Oops: Enabled (Zero based)
 Heap Region Size: 4M
 Heap Min Capacity: 8M
 Heap Initial Capacity: 512M
 Heap Max Capacity: 8132M
 Pre-touch: Disabled
 Parallel Workers: 8
 Concurrent Workers: 2
 Concurrent Refinement Workers: 8
 Periodic GC: Disabled
Heap:
 garbage-first heap   total 110592K, used 50614K [0x0000000603c00000, 0x0000000800000000)
  region size 4096K, 7 young (28672K), 1 survivors (4096K)
 Metaspace       used 75045K, committed 75392K, reserved 1122304K
  class space    used 9054K, committed 9216K, reserved 1048576K
GC Heap History (20 events):
Event: 4.496 GC heap before
{Heap before GC invocations=10 (full 0):
 garbage-first heap   total 57344K, used 31434K [0x0000000603c00000, 0x0000000800000000)
  region size 4096K, 6 young (24576K), 1 survivors (4096K)
 Metaspace       used 38533K, committed 38848K, reserved 1089536K
  class space    used 4433K, committed 4608K, reserved 1048576K
}
Event: 4.505 GC heap after
{Heap after GC invocations=11 (full 0):
 garbage-first heap   total 57344K, used 16332K [0x0000000603c00000, 0x0000000800000000)
  region size 4096K, 1 young (4096K), 1 survivors (4096K)
 Metaspace       used 38533K, committed 38848K, reserved 1089536K
  class space    used 4433K, committed 4608K, reserved 1048576K
}
Event: 4.822 GC heap before
{Heap before GC invocations=11 (full 0):
 garbage-first heap   total 57344K, used 36812K [0x0000000603c00000, 0x0000000800000000)
  region size 4096K, 6 young (24576K), 1 survivors (4096K)
 Metaspace       used 38670K, committed 39040K, reserved 1089536K
  class space    used 4436K, committed 4608K, reserved 1048576K
}
Event: 4.827 GC heap after
{Heap after GC invocations=12 (full 0):
 garbage-first heap   total 57344K, used 16564K [0x0000000603c00000, 0x0000000800000000)
  region size 4096K, 1 young (4096K), 1 survivors (4096K)
 Metaspace       used 38670K, committed 39040K, reserved 1089536K
  class space    used 4436K, committed 4608K, reserved 1048576K
}
Event: 5.172 GC heap before
{Heap before GC invocations=12 (full 0):
 garbage-first heap   total 57344K, used 37044K [0x0000000603c00000, 0x0000000800000000)
  region size 4096K, 6 young (24576K), 1 survivors (4096K)
 Metaspace       used 38719K, committed 39040K, reserved 1089536K
  class space    used 4439K, committed 4608K, reserved 1048576K
}
Event: 5.176 GC heap after
{Heap after GC invocations=13 (full 0):
 garbage-first heap   total 290816K, used 16490K [0x0000000603c00000, 0x0000000800000000)
  region size 4096K, 1 young (4096K), 1 survivors (4096K)
 Metaspace       used 38719K, committed 39040K, reserved 1089536K
  class space    used 4439K, committed 4608K, reserved 1048576K
}
Event: 7.061 GC heap before
{Heap before GC invocations=13 (full 0):
 garbage-first heap   total 290816K, used 184426K [0x0000000603c00000, 0x0000000800000000)
  region size 4096K, 42 young (172032K), 1 survivors (4096K)
 Metaspace       used 38813K, committed 39168K, reserved 1089536K
  class space    used 4441K, committed 4608K, reserved 1048576K
}
Event: 7.063 GC heap after
{Heap after GC invocations=14 (full 0):
 garbage-first heap   total 290816K, used 16502K [0x0000000603c00000, 0x0000000800000000)
  region size 4096K, 1 young (4096K), 1 survivors (4096K)
 Metaspace       used 38813K, committed 39168K, reserved 1089536K
  class space    used 4441K, committed 4608K, reserved 1048576K
}
Event: 8.984 GC heap before
{Heap before GC invocations=14 (full 0):
 garbage-first heap   total 290816K, used 184438K [0x0000000603c00000, 0x0000000800000000)
  region size 4096K, 42 young (172032K), 1 survivors (4096K)
 Metaspace       used 38851K, committed 39168K, reserved 1089536K
  class space    used 4444K, committed 4608K, reserved 1048576K
}
Event: 8.986 GC heap after
{Heap after GC invocations=15 (full 0):
 garbage-first heap   total 290816K, used 16581K [0x0000000603c00000, 0x0000000800000000)
  region size 4096K, 1 young (4096K), 1 survivors (4096K)
 Metaspace       used 38851K, committed 39168K, reserved 1089536K
  class space    used 4444K, committed 4608K, reserved 1048576K
}
Event: 10.803 GC heap before
{Heap before GC invocations=15 (full 0):
 garbage-first heap   total 290816K, used 184517K [0x0000000603c00000, 0x0000000800000000)
  region size 4096K, 42 young (172032K), 1 survivors (4096K)
 Metaspace       used 40698K, committed 40960K, reserved 1089536K
  class space    used 4702K, committed 4800K, reserved 1048576K
}
Event: 10.806 GC heap after
{Heap after GC invocations=16 (full 0):
 garbage-first heap   total 290816K, used 17485K [0x0000000603c00000, 0x0000000800000000)
  region size 4096K, 1 young (4096K), 1 survivors (4096K)
 Metaspace       used 40698K, committed 40960K, reserved 1089536K
  class space    used 4702K, committed 4800K, reserved 1048576K
}
Event: 13.814 GC heap before
{Heap before GC invocations=16 (full 0):
 garbage-first heap   total 290816K, used 136269K [0x0000000603c00000, 0x0000000800000000)
  region size 4096K, 31 young (126976K), 1 survivors (4096K)
 Metaspace       used 60315K, committed 60608K, reserved 1105920K
  class space    used 7584K, committed 7744K, reserved 1048576K
}
Event: 13.821 GC heap after
{Heap after GC invocations=17 (full 0):
 garbage-first heap   total 290816K, used 23607K [0x0000000603c00000, 0x0000000800000000)
  region size 4096K, 3 young (12288K), 3 survivors (12288K)
 Metaspace       used 60315K, committed 60608K, reserved 1105920K
  class space    used 7584K, committed 7744K, reserved 1048576K
}
Event: 14.791 GC heap before
{Heap before GC invocations=18 (full 0):
 garbage-first heap   total 110592K, used 76855K [0x0000000603c00000, 0x0000000800000000)
  region size 4096K, 16 young (65536K), 3 survivors (12288K)
 Metaspace       used 63452K, committed 63744K, reserved 1105920K
  class space    used 8009K, committed 8128K, reserved 1048576K
}
Event: 14.800 GC heap after
{Heap after GC invocations=19 (full 0):
 garbage-first heap   total 110592K, used 26887K [0x0000000603c00000, 0x0000000800000000)
  region size 4096K, 1 young (4096K), 1 survivors (4096K)
 Metaspace       used 63452K, committed 63744K, reserved 1105920K
  class space    used 8009K, committed 8128K, reserved 1048576K
}
Event: 14.820 GC heap before
{Heap before GC invocations=19 (full 0):
 garbage-first heap   total 110592K, used 30983K [0x0000000603c00000, 0x0000000800000000)
  region size 4096K, 2 young (8192K), 1 survivors (4096K)
 Metaspace       used 63454K, committed 63744K, reserved 1105920K
  class space    used 8009K, committed 8128K, reserved 1048576K
}
Event: 14.826 GC heap after
{Heap after GC invocations=20 (full 0):
 garbage-first heap   total 110592K, used 26927K [0x0000000603c00000, 0x0000000800000000)
  region size 4096K, 1 young (4096K), 1 survivors (4096K)
 Metaspace       used 63454K, committed 63744K, reserved 1105920K
  class space    used 8009K, committed 8128K, reserved 1048576K
}
Event: 29.726 GC heap before
{Heap before GC invocations=20 (full 0):
 garbage-first heap   total 110592K, used 80175K [0x0000000603c00000, 0x0000000800000000)
  region size 4096K, 15 young (61440K), 1 survivors (4096K)
 Metaspace       used 73125K, committed 73536K, reserved 1114112K
  class space    used 8892K, committed 9088K, reserved 1048576K
}
Event: 29.731 GC heap after
{Heap after GC invocations=21 (full 0):
 garbage-first heap   total 110592K, used 30134K [0x0000000603c00000, 0x0000000800000000)
  region size 4096K, 1 young (4096K), 1 survivors (4096K)
 Metaspace       used 73125K, committed 73536K, reserved 1114112K
  class space    used 8892K, committed 9088K, reserved 1048576K
}

