# JRE version: OpenJDK Runtime Environment Temurin-17.0.3+7 (17.0.3+7) (build 17.0.3+7)
# Java VM: OpenJDK 64-Bit Server VM Temurin-17.0.3+7 (17.0.3+7, mixed mode, tiered, compressed oops, compressed class ptrs, g1 gc, windows-amd64)
GC Precious Log:
 CPUs: 8 total, 8 available
 Memory: 32524M
 Large Page Support: Disabled
 NUMA Support: Disabled
 Compressed Oops: Enabled (Zero based)
 Heap Region Size: 4M
 Heap Min Capacity: 8M
 Heap Initial Capacity: 512M
 Heap Max Capacity: 8132M
 Pre-touch: Disabled
 Parallel Workers: 8
 Concurrent Workers: 2
 Concurrent Refinement Workers: 8
 Periodic GC: Disabled
Heap:
 garbage-first heap   total 110592K, used 54447K [0x0000000603c00000, 0x0000000800000000)
  region size 4096K, 8 young (32768K), 1 survivors (4096K)
 Metaspace       used 75059K, committed 75392K, reserved 1122304K
  class space    used 9058K, committed 9216K, reserved 1048576K
GC Heap History (20 events):
Event: 4.129 GC heap before
{Heap before GC invocations=8 (full 0):
 garbage-first heap   total 57344K, used 30011K [0x0000000603c00000, 0x0000000800000000)
  region size 4096K, 6 young (24576K), 1 survivors (4096K)
 Metaspace       used 35891K, committed 36096K, reserved 1081344K
  class space    used 4157K, committed 4224K, reserved 1048576K
}
Event: 4.140 GC heap after
{Heap after GC invocations=9 (full 0):
 garbage-first heap   total 57344K, used 15046K [0x0000000603c00000, 0x0000000800000000)
  region size 4096K, 1 young (4096K), 1 survivors (4096K)
 Metaspace       used 35891K, committed 36096K, reserved 1081344K
  class space    used 4157K, committed 4224K, reserved 1048576K
}
Event: 4.761 GC heap before
{Heap before GC invocations=10 (full 0):
 garbage-first heap   total 57344K, used 35526K [0x0000000603c00000, 0x0000000800000000)
  region size 4096K, 6 young (24576K), 1 survivors (4096K)
 Metaspace       used 38577K, committed 38912K, reserved 1089536K
  class space    used 4436K, committed 4608K, reserved 1048576K
}
Event: 4.770 GC heap after
{Heap after GC invocations=11 (full 0):
 garbage-first heap   total 57344K, used 16858K [0x0000000603c00000, 0x0000000800000000)
  region size 4096K, 1 young (4096K), 1 survivors (4096K)
 Metaspace       used 38577K, committed 38912K, reserved 1089536K
  class space    used 4436K, committed 4608K, reserved 1048576K
}
Event: 5.112 GC heap before
{Heap before GC invocations=11 (full 0):
 garbage-first heap   total 57344K, used 37338K [0x0000000603c00000, 0x0000000800000000)
  region size 4096K, 6 young (24576K), 1 survivors (4096K)
 Metaspace       used 38671K, committed 38976K, reserved 1089536K
  class space    used 4439K, committed 4608K, reserved 1048576K
}
Event: 5.120 GC heap after
{Heap after GC invocations=12 (full 0):
 garbage-first heap   total 290816K, used 16860K [0x0000000603c00000, 0x0000000800000000)
  region size 4096K, 1 young (4096K), 1 survivors (4096K)
 Metaspace       used 38671K, committed 38976K, reserved 1089536K
  class space    used 4439K, committed 4608K, reserved 1048576K
}
Event: 7.261 GC heap before
{Heap before GC invocations=12 (full 0):
 garbage-first heap   total 290816K, used 184796K [0x0000000603c00000, 0x0000000800000000)
  region size 4096K, 42 young (172032K), 1 survivors (4096K)
 Metaspace       used 38818K, committed 39104K, reserved 1089536K
  class space    used 4444K, committed 4608K, reserved 1048576K
}
Event: 7.263 GC heap after
{Heap after GC invocations=13 (full 0):
 garbage-first heap   total 290816K, used 16720K [0x0000000603c00000, 0x0000000800000000)
  region size 4096K, 1 young (4096K), 1 survivors (4096K)
 Metaspace       used 38818K, committed 39104K, reserved 1089536K
  class space    used 4444K, committed 4608K, reserved 1048576K
}
Event: 9.163 GC heap before
{Heap before GC invocations=13 (full 0):
 garbage-first heap   total 290816K, used 184656K [0x0000000603c00000, 0x0000000800000000)
  region size 4096K, 42 young (172032K), 1 survivors (4096K)
 Metaspace       used 38859K, committed 39168K, reserved 1089536K
  class space    used 4447K, committed 4608K, reserved 1048576K
}
Event: 9.164 GC heap after
{Heap after GC invocations=14 (full 0):
 garbage-first heap   total 290816K, used 16700K [0x0000000603c00000, 0x0000000800000000)
  region size 4096K, 1 young (4096K), 1 survivors (4096K)
 Metaspace       used 38859K, committed 39168K, reserved 1089536K
  class space    used 4447K, committed 4608K, reserved 1048576K
}
Event: 11.199 GC heap before
{Heap before GC invocations=14 (full 0):
 garbage-first heap   total 290816K, used 184636K [0x0000000603c00000, 0x0000000800000000)
  region size 4096K, 42 young (172032K), 1 survivors (4096K)
 Metaspace       used 38861K, committed 39168K, reserved 1089536K
  class space    used 4447K, committed 4608K, reserved 1048576K
}
Event: 11.201 GC heap after
{Heap after GC invocations=15 (full 0):
 garbage-first heap   total 290816K, used 16812K [0x0000000603c00000, 0x0000000800000000)
  region size 4096K, 1 young (4096K), 1 survivors (4096K)
 Metaspace       used 38861K, committed 39168K, reserved 1089536K
  class space    used 4447K, committed 4608K, reserved 1048576K
}
Event: 15.409 GC heap before
{Heap before GC invocations=15 (full 0):
 garbage-first heap   total 290816K, used 160172K [0x0000000603c00000, 0x0000000800000000)
  region size 4096K, 37 young (151552K), 1 survivors (4096K)
 Metaspace       used 60142K, committed 60416K, reserved 1105920K
  class space    used 7563K, committed 7680K, reserved 1048576K
}
Event: 15.418 GC heap after
{Heap after GC invocations=16 (full 0):
 garbage-first heap   total 290816K, used 23766K [0x0000000603c00000, 0x0000000800000000)
  region size 4096K, 3 young (12288K), 3 survivors (12288K)
 Metaspace       used 60142K, committed 60416K, reserved 1105920K
  class space    used 7563K, committed 7680K, reserved 1048576K
}
Event: 16.687 GC heap before
{Heap before GC invocations=17 (full 0):
 garbage-first heap   total 110592K, used 77014K [0x0000000603c00000, 0x0000000800000000)
  region size 4096K, 16 young (65536K), 3 survivors (12288K)
 Metaspace       used 63431K, committed 63680K, reserved 1105920K
  class space    used 8010K, committed 8128K, reserved 1048576K
}
Event: 16.697 GC heap after
{Heap after GC invocations=18 (full 0):
 garbage-first heap   total 110592K, used 27020K [0x0000000603c00000, 0x0000000800000000)
  region size 4096K, 1 young (4096K), 1 survivors (4096K)
 Metaspace       used 63431K, committed 63680K, reserved 1105920K
  class space    used 8010K, committed 8128K, reserved 1048576K
}
Event: 16.723 GC heap before
{Heap before GC invocations=18 (full 0):
 garbage-first heap   total 110592K, used 31116K [0x0000000603c00000, 0x0000000800000000)
  region size 4096K, 2 young (8192K), 1 survivors (4096K)
 Metaspace       used 63435K, committed 63680K, reserved 1105920K
  class space    used 8010K, committed 8128K, reserved 1048576K
}
Event: 16.731 GC heap after
{Heap after GC invocations=19 (full 0):
 garbage-first heap   total 110592K, used 26957K [0x0000000603c00000, 0x0000000800000000)
  region size 4096K, 1 young (4096K), 1 survivors (4096K)
 Metaspace       used 63435K, committed 63680K, reserved 1105920K
  class space    used 8010K, committed 8128K, reserved 1048576K
}
Event: 22.871 GC heap before
{Heap before GC invocations=19 (full 0):
 garbage-first heap   total 110592K, used 80205K [0x0000000603c00000, 0x0000000800000000)
  region size 4096K, 15 young (61440K), 1 survivors (4096K)
 Metaspace       used 73015K, committed 73408K, reserved 1114112K
  class space    used 8886K, committed 9088K, reserved 1048576K
}
Event: 22.876 GC heap after
{Heap after GC invocations=20 (full 0):
 garbage-first heap   total 110592K, used 29871K [0x0000000603c00000, 0x0000000800000000)
  region size 4096K, 1 young (4096K), 1 survivors (4096K)
 Metaspace       used 73015K, committed 73408K, reserved 1114112K
  class space    used 8886K, committed 9088K, reserved 1048576K
}

