# JRE version: OpenJDK Runtime Environment Temurin-17.0.3+7 (17.0.3+7) (build 17.0.3+7)
# Java VM: OpenJDK 64-Bit Server VM Temurin-17.0.3+7 (17.0.3+7, mixed mode, tiered, compressed oops, compressed class ptrs, g1 gc, windows-amd64)
GC Precious Log:
 CPUs: 8 total, 8 available
 Memory: 32524M
 Large Page Support: Disabled
 NUMA Support: Disabled
 Compressed Oops: Enabled (Zero based)
 Heap Region Size: 4M
 Heap Min Capacity: 8M
 Heap Initial Capacity: 512M
 Heap Max Capacity: 8132M
 Pre-touch: Disabled
 Parallel Workers: 8
 Concurrent Workers: 2
 Concurrent Refinement Workers: 8
 Periodic GC: Disabled
Heap:
 garbage-first heap   total 110592K, used 41969K [0x0000000603c00000, 0x0000000800000000)
  region size 4096K, 5 young (20480K), 1 survivors (4096K)
 Metaspace       used 74117K, committed 74496K, reserved 1122304K
  class space    used 8967K, committed 9152K, reserved 1048576K
GC Heap History (20 events):
Event: 4.170 GC heap before
{Heap before GC invocations=10 (full 0):
 garbage-first heap   total 57344K, used 35490K [0x0000000603c00000, 0x0000000800000000)
  region size 4096K, 6 young (24576K), 1 survivors (4096K)
 Metaspace       used 38509K, committed 38848K, reserved 1089536K
  class space    used 4433K, committed 4608K, reserved 1048576K
}
Event: 4.177 GC heap after
{Heap after GC invocations=11 (full 0):
 garbage-first heap   total 57344K, used 16462K [0x0000000603c00000, 0x0000000800000000)
  region size 4096K, 1 young (4096K), 1 survivors (4096K)
 Metaspace       used 38509K, committed 38848K, reserved 1089536K
  class space    used 4433K, committed 4608K, reserved 1048576K
}
Event: 4.439 GC heap before
{Heap before GC invocations=11 (full 0):
 garbage-first heap   total 57344K, used 36942K [0x0000000603c00000, 0x0000000800000000)
  region size 4096K, 6 young (24576K), 1 survivors (4096K)
 Metaspace       used 38642K, committed 38976K, reserved 1089536K
  class space    used 4436K, committed 4608K, reserved 1048576K
}
Event: 4.444 GC heap after
{Heap after GC invocations=12 (full 0):
 garbage-first heap   total 57344K, used 16728K [0x0000000603c00000, 0x0000000800000000)
  region size 4096K, 1 young (4096K), 1 survivors (4096K)
 Metaspace       used 38642K, committed 38976K, reserved 1089536K
  class space    used 4436K, committed 4608K, reserved 1048576K
}
Event: 4.684 GC heap before
{Heap before GC invocations=12 (full 0):
 garbage-first heap   total 57344K, used 37208K [0x0000000603c00000, 0x0000000800000000)
  region size 4096K, 6 young (24576K), 1 survivors (4096K)
 Metaspace       used 38692K, committed 38976K, reserved 1089536K
  class space    used 4439K, committed 4608K, reserved 1048576K
}
Event: 4.688 GC heap after
{Heap after GC invocations=13 (full 0):
 garbage-first heap   total 290816K, used 16616K [0x0000000603c00000, 0x0000000800000000)
  region size 4096K, 1 young (4096K), 1 survivors (4096K)
 Metaspace       used 38692K, committed 38976K, reserved 1089536K
  class space    used 4439K, committed 4608K, reserved 1048576K
}
Event: 6.386 GC heap before
{Heap before GC invocations=13 (full 0):
 garbage-first heap   total 290816K, used 184552K [0x0000000603c00000, 0x0000000800000000)
  region size 4096K, 42 young (172032K), 1 survivors (4096K)
 Metaspace       used 38785K, committed 39104K, reserved 1089536K
  class space    used 4441K, committed 4608K, reserved 1048576K
}
Event: 6.388 GC heap after
{Heap after GC invocations=14 (full 0):
 garbage-first heap   total 290816K, used 16699K [0x0000000603c00000, 0x0000000800000000)
  region size 4096K, 1 young (4096K), 1 survivors (4096K)
 Metaspace       used 38785K, committed 39104K, reserved 1089536K
  class space    used 4441K, committed 4608K, reserved 1048576K
}
Event: 7.936 GC heap before
{Heap before GC invocations=14 (full 0):
 garbage-first heap   total 290816K, used 184635K [0x0000000603c00000, 0x0000000800000000)
  region size 4096K, 42 young (172032K), 1 survivors (4096K)
 Metaspace       used 38823K, committed 39104K, reserved 1089536K
  class space    used 4444K, committed 4608K, reserved 1048576K
}
Event: 7.938 GC heap after
{Heap after GC invocations=15 (full 0):
 garbage-first heap   total 290816K, used 16681K [0x0000000603c00000, 0x0000000800000000)
  region size 4096K, 1 young (4096K), 1 survivors (4096K)
 Metaspace       used 38823K, committed 39104K, reserved 1089536K
  class space    used 4444K, committed 4608K, reserved 1048576K
}
Event: 9.688 GC heap before
{Heap before GC invocations=15 (full 0):
 garbage-first heap   total 290816K, used 184617K [0x0000000603c00000, 0x0000000800000000)
  region size 4096K, 42 young (172032K), 1 survivors (4096K)
 Metaspace       used 40720K, committed 40960K, reserved 1089536K
  class space    used 4709K, committed 4800K, reserved 1048576K
}
Event: 9.691 GC heap after
{Heap after GC invocations=16 (full 0):
 garbage-first heap   total 290816K, used 17611K [0x0000000603c00000, 0x0000000800000000)
  region size 4096K, 1 young (4096K), 1 survivors (4096K)
 Metaspace       used 40720K, committed 40960K, reserved 1089536K
  class space    used 4709K, committed 4800K, reserved 1048576K
}
Event: 12.680 GC heap before
{Heap before GC invocations=16 (full 0):
 garbage-first heap   total 290816K, used 136395K [0x0000000603c00000, 0x0000000800000000)
  region size 4096K, 31 young (126976K), 1 survivors (4096K)
 Metaspace       used 60130K, committed 60416K, reserved 1105920K
  class space    used 7578K, committed 7744K, reserved 1048576K
}
Event: 12.690 GC heap after
{Heap after GC invocations=17 (full 0):
 garbage-first heap   total 290816K, used 23657K [0x0000000603c00000, 0x0000000800000000)
  region size 4096K, 3 young (12288K), 3 survivors (12288K)
 Metaspace       used 60130K, committed 60416K, reserved 1105920K
  class space    used 7578K, committed 7744K, reserved 1048576K
}
Event: 13.871 GC heap before
{Heap before GC invocations=18 (full 0):
 garbage-first heap   total 110592K, used 76905K [0x0000000603c00000, 0x0000000800000000)
  region size 4096K, 16 young (65536K), 3 survivors (12288K)
 Metaspace       used 63424K, committed 63680K, reserved 1105920K
  class space    used 8009K, committed 8128K, reserved 1048576K
}
Event: 13.884 GC heap after
{Heap after GC invocations=19 (full 0):
 garbage-first heap   total 110592K, used 26810K [0x0000000603c00000, 0x0000000800000000)
  region size 4096K, 1 young (4096K), 1 survivors (4096K)
 Metaspace       used 63424K, committed 63680K, reserved 1105920K
  class space    used 8009K, committed 8128K, reserved 1048576K
}
Event: 13.915 GC heap before
{Heap before GC invocations=19 (full 0):
 garbage-first heap   total 110592K, used 30906K [0x0000000603c00000, 0x0000000800000000)
  region size 4096K, 2 young (8192K), 1 survivors (4096K)
 Metaspace       used 63425K, committed 63680K, reserved 1105920K
  class space    used 8009K, committed 8128K, reserved 1048576K
}
Event: 13.920 GC heap after
{Heap after GC invocations=20 (full 0):
 garbage-first heap   total 110592K, used 26968K [0x0000000603c00000, 0x0000000800000000)
  region size 4096K, 1 young (4096K), 1 survivors (4096K)
 Metaspace       used 63425K, committed 63680K, reserved 1105920K
  class space    used 8009K, committed 8128K, reserved 1048576K
}
Event: 18.583 GC heap before
{Heap before GC invocations=20 (full 0):
 garbage-first heap   total 110592K, used 84312K [0x0000000603c00000, 0x0000000800000000)
  region size 4096K, 15 young (61440K), 1 survivors (4096K)
 Metaspace       used 72816K, committed 73152K, reserved 1114112K
  class space    used 8855K, committed 9024K, reserved 1048576K
}
Event: 18.587 GC heap after
{Heap after GC invocations=21 (full 0):
 garbage-first heap   total 110592K, used 29681K [0x0000000603c00000, 0x0000000800000000)
  region size 4096K, 1 young (4096K), 1 survivors (4096K)
 Metaspace       used 72816K, committed 73152K, reserved 1114112K
  class space    used 8855K, committed 9024K, reserved 1048576K
}

